<?xml version="1.0" encoding="UTF-8"?>
<!-- Generated by org.testng.reporters.JUnitXMLReporter -->
<testsuite ignored="0" hostname="DESKTOP-IVGJ568" failures="0" tests="5" name="Test" time="46.179" errors="0" timestamp="29 May 2022 09:21:48 GMT">
  <testcase classname="qaautomation.pert3.WebTest" name="testLogin" time="11.578"/>
  <testcase classname="qaautomation.pert3.WebTest" name="testLoginFailedWrongPassword" time="11.888"/>
  <testcase classname="qaautomation.pert3.WebTest" name="testLoginFailedWrongUsername" time="11.194"/>
  <testcase classname="qaautomation.pert3.WebTest" name="testLoginFailedWrongUsernameandPassword" time="11.352"/>
  <testcase classname="qaautomation.pert3.App" name="shouldAnswerWithTrue" time="0.003"/>
</testsuite> <!-- Test -->
