<?xml version="1.0" encoding="UTF-8"?>
<!-- Generated by org.testng.reporters.JUnitXMLReporter -->
<testsuite ignored="0" hostname="DESKTOP-IVGJ568" failures="0" tests="4" name="Test" time="16.052" errors="0" timestamp="29 May 2022 12:59:40 GMT">
  <testcase classname="qaautomation.pert6.ApiTestWithSchema" name="configAPI" time="1.814"/>
  <testcase classname="qaautomation.pert6.ApiTestWithSchema" name="dashboardAPI" time="2.171"/>
  <testcase classname="qaautomation.pert6.ApiTestWithSchema" name="fakerTest" time="0.211"/>
  <testcase classname="qaautomation.pert6.ApiTestWithSchema" name="userAPI" time="1.653"/>
</testsuite> <!-- Test -->
