<?xml version="1.0" encoding="UTF-8"?>
<testng-results ignored="0" total="4" passed="4" failed="0" skipped="0">
  <reporter-output>
  </reporter-output>
  <suite started-at="2022-05-29T12:59:24Z" name="Suite" finished-at="2022-05-29T12:59:40Z" duration-ms="16052">
    <groups>
    </groups>
    <test started-at="2022-05-29T12:59:24Z" name="Test" finished-at="2022-05-29T12:59:40Z" duration-ms="16052">
      <class name="qaautomation.pert6.ApiTestWithSchema">
        <test-method is-config="true" signature="login()[pri:0, instance:qaautomation.pert6.ApiTestWithSchema@58a4a74d]" started-at="2022-05-29T12:59:24Z" name="login" finished-at="2022-05-29T12:59:28Z" duration-ms="4348" status="PASS">
          <reporter-output>
          </reporter-output>
        </test-method> <!-- login -->
        <test-method signature="configAPI()[pri:0, instance:qaautomation.pert6.ApiTestWithSchema@58a4a74d]" started-at="2022-05-29T12:59:29Z" name="configAPI" finished-at="2022-05-29T12:59:30Z" duration-ms="1814" status="PASS">
          <reporter-output>
          </reporter-output>
        </test-method> <!-- configAPI -->
        <test-method is-config="true" signature="login()[pri:0, instance:qaautomation.pert6.ApiTestWithSchema@58a4a74d]" started-at="2022-05-29T12:59:30Z" name="login" finished-at="2022-05-29T12:59:32Z" duration-ms="1709" status="PASS">
          <reporter-output>
          </reporter-output>
        </test-method> <!-- login -->
        <test-method signature="dashboardAPI()[pri:0, instance:qaautomation.pert6.ApiTestWithSchema@58a4a74d]" started-at="2022-05-29T12:59:32Z" name="dashboardAPI" finished-at="2022-05-29T12:59:34Z" duration-ms="2171" status="PASS">
          <reporter-output>
          </reporter-output>
        </test-method> <!-- dashboardAPI -->
        <test-method is-config="true" signature="login()[pri:0, instance:qaautomation.pert6.ApiTestWithSchema@58a4a74d]" started-at="2022-05-29T12:59:34Z" name="login" finished-at="2022-05-29T12:59:36Z" duration-ms="2190" status="PASS">
          <reporter-output>
          </reporter-output>
        </test-method> <!-- login -->
        <test-method signature="fakerTest()[pri:0, instance:qaautomation.pert6.ApiTestWithSchema@58a4a74d]" started-at="2022-05-29T12:59:36Z" name="fakerTest" finished-at="2022-05-29T12:59:37Z" duration-ms="211" status="PASS">
          <reporter-output>
          </reporter-output>
        </test-method> <!-- fakerTest -->
        <test-method is-config="true" signature="login()[pri:0, instance:qaautomation.pert6.ApiTestWithSchema@58a4a74d]" started-at="2022-05-29T12:59:37Z" name="login" finished-at="2022-05-29T12:59:38Z" duration-ms="1806" status="PASS">
          <reporter-output>
          </reporter-output>
        </test-method> <!-- login -->
        <test-method signature="userAPI()[pri:0, instance:qaautomation.pert6.ApiTestWithSchema@58a4a74d]" started-at="2022-05-29T12:59:38Z" name="userAPI" finished-at="2022-05-29T12:59:40Z" duration-ms="1653" status="PASS">
          <reporter-output>
          </reporter-output>
        </test-method> <!-- userAPI -->
      </class> <!-- qaautomation.pert6.ApiTestWithSchema -->
    </test> <!-- Test -->
  </suite> <!-- Suite -->
</testng-results>
